
  .   ____          _            __ _ _
 /\\ / ___'_ __ _ _(_)_ __  __ _ \ \ \ \
( ( )\___ | '_ | '_| | '_ \/ _` | \ \ \ \
 \\/  ___)| |_)| | | | | || (_| |  ) ) ) )
  '  |____| .__|_| |_|_| |_\__, | / / / /
 =========|_|==============|___/=/_/_/_/
 :: Spring Boot ::        (v2.1.0.RELEASE)

2019-10-24 15:03:11.019  INFO 5862 --- [           main] com.sas.iot.IoTApplication               : Starting IoTApplication on iotnuc02 with PID 5862 (/home/iot/IoT_Toolbox/toolbox-0.1.3.jar started by iot in /home/iot/IoT_Toolbox)
2019-10-24 15:03:11.021  INFO 5862 --- [           main] com.sas.iot.IoTApplication               : No active profile set, falling back to default profiles: default
2019-10-24 15:03:12.049  INFO 5862 --- [           main] o.s.b.w.embedded.tomcat.TomcatWebServer  : Tomcat initialized with port(s): 8090 (http)
2019-10-24 15:03:12.072  INFO 5862 --- [           main] o.apache.catalina.core.StandardService   : Starting service [Tomcat]
2019-10-24 15:03:12.072  INFO 5862 --- [           main] org.apache.catalina.core.StandardEngine  : Starting Servlet Engine: Apache Tomcat/9.0.12
2019-10-24 15:03:12.082  INFO 5862 --- [           main] o.a.catalina.core.AprLifecycleListener   : The APR based Apache Tomcat Native library which allows optimal performance in production environments was not found on the java.library.path: [/usr/java/packages/lib/amd64:/usr/lib64:/lib64:/lib:/usr/lib]
2019-10-24 15:03:12.150  INFO 5862 --- [           main] o.a.c.c.C.[Tomcat].[localhost].[/]       : Initializing Spring embedded WebApplicationContext
2019-10-24 15:03:12.150  INFO 5862 --- [           main] o.s.web.context.ContextLoader            : Root WebApplicationContext: initialization completed in 1093 ms
2019-10-24 15:03:12.172  INFO 5862 --- [           main] o.s.b.w.servlet.ServletRegistrationBean  : Servlet dispatcherServlet mapped to [/]
2019-10-24 15:03:12.175  INFO 5862 --- [           main] o.s.b.w.servlet.FilterRegistrationBean   : Mapping filter: 'characterEncodingFilter' to: [/*]
2019-10-24 15:03:12.175  INFO 5862 --- [           main] o.s.b.w.servlet.FilterRegistrationBean   : Mapping filter: 'hiddenHttpMethodFilter' to: [/*]
2019-10-24 15:03:12.175  INFO 5862 --- [           main] o.s.b.w.servlet.FilterRegistrationBean   : Mapping filter: 'formContentFilter' to: [/*]
2019-10-24 15:03:12.175  INFO 5862 --- [           main] o.s.b.w.servlet.FilterRegistrationBean   : Mapping filter: 'requestContextFilter' to: [/*]
2019-10-24 15:03:12.419  INFO 5862 --- [           main] o.s.s.concurrent.ThreadPoolTaskExecutor  : Initializing ExecutorService 'applicationTaskExecutor'
2019-10-24 15:03:12.601  INFO 5862 --- [           main] o.s.b.a.w.s.WelcomePageHandlerMapping    : Adding welcome page: class path resource [static/index.html]
2019-10-24 15:03:12.688  INFO 5862 --- [           main] o.s.b.w.embedded.tomcat.TomcatWebServer  : Tomcat started on port(s): 8090 (http) with context path ''
2019-10-24 15:03:12.690  INFO 5862 --- [           main] com.sas.iot.IoTApplication               : Started IoTApplication in 1.954 seconds (JVM running for 2.476)
2019-10-24 15:03:37.640  INFO 5862 --- [nio-8090-exec-1] o.a.c.c.C.[Tomcat].[localhost].[/]       : Initializing Spring DispatcherServlet 'dispatcherServlet'
2019-10-24 15:03:37.640  INFO 5862 --- [nio-8090-exec-1] o.s.web.servlet.DispatcherServlet        : Initializing Servlet 'dispatcherServlet'
2019-10-24 15:03:37.645  INFO 5862 --- [nio-8090-exec-1] o.s.web.servlet.DispatcherServlet        : Completed initialization in 5 ms
